<?xml version="1.0" encoding="UTF-8"?>
<!-- Generated by org.testng.reporters.JUnitXMLReporter -->
<testsuite ignored="0" hostname="DESKTOP-1GNI9SA" failures="0" tests="1" name="BankinApp Tests" time="7.211" errors="0" timestamp="2020-04-12T03:00:23 IST">
  <testcase classname="com.XYZBanking.testcases.BaseClass" name="@BeforeClass setup" time="7.111">
    <failure type="java.lang.NullPointerException">
      <![CDATA[java.lang.NullPointerException
at com.XYZBanking.testcases.BaseClass.setup(BaseClass.java:47)
at java.base/java.util.ArrayList.forEach(Unknown Source)
... Removed 25 stack frames]]>
    </failure>
  </testcase> <!-- @BeforeClass setup -->
  <testcase classname="com.XYZBanking.testcases.BaseClass" name="@AfterClass tearDown" time="-1.586640623714E9">
    <skipped/>
  </testcase> <!-- @AfterClass tearDown -->
  <testcase classname="com.XYZBanking.testcases.TC001_UserLoginTest" name="loginTest" time="0.0">
    <skipped/>
  </testcase> <!-- loginTest -->
</testsuite> <!-- BankinApp Tests -->
