<?xml version="1.0" encoding="UTF-8"?>
<testsuite xmlns:xsi="http://www.w3.org/2001/XMLSchema-instance" xsi:noNamespaceSchemaLocation="https://maven.apache.org/surefire/maven-surefire-plugin/xsd/surefire-test-report.xsd" name="TestSuite" time="103.163" tests="5" errors="0" skipped="0" failures="3">
  <properties>
[...]
</properties>
  <testcase name="loginDDT" classname="com.XYZBanking.testcases.TC002_DDT_Login" time="11.644">
    <failure message="did not expect to find [true] but found [false]" type="java.lang.AssertionError">java.lang.AssertionError: did not expect to find [true] but found [false]
	at com.XYZBanking.testcases.TC002_DDT_Login.loginDDT(TC002_DDT_Login.java:29)
</failure>
    <system-out><![CDATA[2020-04-18 03:07:47.730 INFO  XYZBanking : 62 -  URL is opened 
2020-04-18 03:07:58.093 INFO  XYZBanking : 19 -  Entered UserName  
2020-04-18 03:07:58.250 INFO  XYZBanking : 21 -  Entered Password  
]]></system-out>
    <system-err><![CDATA[[Fatal Error] :1:39: Premature end of file.
Apr 18, 2020 3:07:28 AM com.aventstack.extentreports.externalconfig.ConfigLoader getConfigurationHash
SEVERE: Config
org.xml.sax.SAXParseException; lineNumber: 1; columnNumber: 39; Premature end of file.
	at java.xml/com.sun.org.apache.xerces.internal.parsers.DOMParser.parse(DOMParser.java:257)
	at java.xml/com.sun.org.apache.xerces.internal.jaxp.DocumentBuilderImpl.parse(DocumentBuilderImpl.java:339)
	at java.xml/javax.xml.parsers.DocumentBuilder.parse(DocumentBuilder.java:122)
	at com.aventstack.extentreports.externalconfig.ConfigLoader.getConfigurationHash(ConfigLoader.java:72)
	at com.aventstack.extentreports.reporter.ConfigurableReporter.loadXMLConfig(ConfigurableReporter.java:60)
	at com.aventstack.extentreports.reporter.ConfigurableReporter.loadXMLConfig(ConfigurableReporter.java:40)
	at com.aventstack.extentreports.reporter.ConfigurableReporter.loadXMLConfig(ConfigurableReporter.java:49)
	at com.XYZBanking.utilities.Reporting.onStart(Reporting.java:31)
	at org.testng.TestRunner.fireEvent(TestRunner.java:897)
	at org.testng.TestRunner.beforeRun(TestRunner.java:609)
	at org.testng.TestRunner.run(TestRunner.java:584)
	at org.testng.SuiteRunner.runTest(SuiteRunner.java:402)
	at org.testng.SuiteRunner.runSequentially(SuiteRunner.java:396)
	at org.testng.SuiteRunner.privateRun(SuiteRunner.java:355)
	at org.testng.SuiteRunner.run(SuiteRunner.java:304)
	at org.testng.SuiteRunnerWorker.runSuite(SuiteRunnerWorker.java:53)
	at org.testng.SuiteRunnerWorker.run(SuiteRunnerWorker.java:96)
	at org.testng.TestNG.runSuitesSequentially(TestNG.java:1180)
	at org.testng.TestNG.runSuitesLocally(TestNG.java:1102)
	at org.testng.TestNG.runSuites(TestNG.java:1032)
	at org.testng.TestNG.run(TestNG.java:1000)
	at org.apache.maven.surefire.testng.TestNGExecutor.run(TestNGExecutor.java:283)
	at org.apache.maven.surefire.testng.TestNGXmlTestSuite.execute(TestNGXmlTestSuite.java:75)
	at org.apache.maven.surefire.testng.TestNGProvider.invoke(TestNGProvider.java:120)
	at org.apache.maven.surefire.booter.ForkedBooter.invokeProviderInSameClassLoader(ForkedBooter.java:379)
	at org.apache.maven.surefire.booter.ForkedBooter.runSuitesInProcess(ForkedBooter.java:340)
	at org.apache.maven.surefire.booter.ForkedBooter.execute(ForkedBooter.java:125)
	at org.apache.maven.surefire.booter.ForkedBooter.main(ForkedBooter.java:413)

Starting ChromeDriver 80.0.3987.106 (f68069574609230cf9b635cd784cfb1bf81bb53a-refs/branch-heads/3987@{#882}) on port 43307
Only local connections are allowed.
Please protect ports used by ChromeDriver and related test frameworks to prevent access by malicious code.
[1587159454.670][WARNING]: This version of ChromeDriver has not been tested with Chrome version 81.
[1587159456.724][WARNING]: Timed out connecting to Chrome, retrying...
Apr 18, 2020 3:07:39 AM org.openqa.selenium.remote.ProtocolHandshake createSession
INFO: Detected dialect: W3C
[1587159464.411][SEVERE]: Timed out receiving message from renderer: 0.100
[1587159466.560][SEVERE]: Timed out receiving message from renderer: 0.100
[1587159466.745][SEVERE]: Timed out receiving message from renderer: 0.100
[1587159467.161][SEVERE]: Timed out receiving message from renderer: 0.100
[1587159467.428][SEVERE]: Timed out receiving message from renderer: 0.100
[1587159482.339][SEVERE]: Timed out receiving message from renderer: 0.100
]]></system-err>
  </testcase>
  <testcase name="loginDDT" classname="com.XYZBanking.testcases.TC002_DDT_Login" time="7.199">
    <failure message="did not expect to find [true] but found [false]" type="java.lang.AssertionError">java.lang.AssertionError: did not expect to find [true] but found [false]
	at com.XYZBanking.testcases.TC002_DDT_Login.loginDDT(TC002_DDT_Login.java:29)
</failure>
    <system-out><![CDATA[2020-04-18 03:08:09.250 INFO  XYZBanking : 19 -  Entered UserName  
2020-04-18 03:08:09.367 INFO  XYZBanking : 21 -  Entered Password  
]]></system-out>
  </testcase>
  <testcase name="loginDDT" classname="com.XYZBanking.testcases.TC002_DDT_Login" time="12.257"/>
  <testcase name="loginDDT" classname="com.XYZBanking.testcases.TC002_DDT_Login" time="4.154">
    <failure message="did not expect to find [true] but found [false]" type="java.lang.AssertionError">java.lang.AssertionError: did not expect to find [true] but found [false]
	at com.XYZBanking.testcases.TC002_DDT_Login.loginDDT(TC002_DDT_Login.java:29)
</failure>
    <system-out><![CDATA[2020-04-18 03:08:28.746 INFO  XYZBanking : 19 -  Entered UserName  
2020-04-18 03:08:29.051 INFO  XYZBanking : 21 -  Entered Password  
]]></system-out>
  </testcase>
  <testcase name="addNewCutomer" classname="com.XYZBanking.testcases.TC003_AddCutomer" time="17.997"/>
</testsuite>